2026-03-12 11:32:41 [main] INFO  com.vtc.logging.LoggingApplication | Starting LoggingApplication using Java 17.0.12 with PID 18404 (C:\Users\Tranaf\Desktop\SAPO\omni-services\Logging\target\classes started by Tranaf in C:\Users\Tranaf\Desktop\SAPO\omni-services\Logging)
2026-03-12 11:32:41 [main] INFO  com.vtc.logging.LoggingApplication | No active profile set, falling back to 1 default profile: "default"
2026-03-12 11:32:42 [main] INFO  o.s.d.r.c.RepositoryConfigurationDelegate | Multiple Spring Data modules found, entering strict repository configuration mode
2026-03-12 11:32:42 [main] INFO  o.s.d.r.c.RepositoryConfigurationDelegate | Bootstrapping Spring Data JDBC repositories in DEFAULT mode.
2026-03-12 11:32:42 [main] INFO  o.s.d.r.c.RepositoryConfigurationExtensionSupport | Spring Data JDBC - Could not safely identify store assignment for repository candidate interface com.vtc.logging.repository.GameRepository; If you want this repository to be a JDBC repository, consider annotating your entities with one of these annotations: org.springframework.data.relational.core.mapping.Table.
2026-03-12 11:32:42 [main] INFO  o.s.d.r.c.RepositoryConfigurationDelegate | Finished Spring Data repository scanning in 39 ms. Found 0 JDBC repository interfaces.
2026-03-12 11:32:42 [main] INFO  o.s.d.r.c.RepositoryConfigurationDelegate | Multiple Spring Data modules found, entering strict repository configuration mode
2026-03-12 11:32:42 [main] INFO  o.s.d.r.c.RepositoryConfigurationDelegate | Bootstrapping Spring Data JPA repositories in DEFAULT mode.
2026-03-12 11:32:42 [main] INFO  o.s.d.r.c.RepositoryConfigurationDelegate | Finished Spring Data repository scanning in 33 ms. Found 1 JPA repository interface.
2026-03-12 11:32:43 [main] INFO  o.s.b.w.e.tomcat.TomcatWebServer | Tomcat initialized with port 8080 (http)
2026-03-12 11:32:43 [main] INFO  o.a.coyote.http11.Http11NioProtocol | Initializing ProtocolHandler ["http-nio-8080"]
2026-03-12 11:32:43 [main] INFO  o.a.catalina.core.StandardService | Starting service [Tomcat]
2026-03-12 11:32:43 [main] INFO  o.a.catalina.core.StandardEngine | Starting Servlet engine: [Apache Tomcat/10.1.52]
2026-03-12 11:32:43 [main] INFO  o.a.c.c.C.[Tomcat].[localhost].[/] | Initializing Spring embedded WebApplicationContext
2026-03-12 11:32:43 [main] INFO  o.s.b.w.s.c.ServletWebServerApplicationContext | Root WebApplicationContext: initialization completed in 1581 ms
2026-03-12 11:32:43 [main] INFO  o.h.jpa.internal.util.LogHelper | HHH000204: Processing PersistenceUnitInfo [name: default]
2026-03-12 11:32:43 [main] INFO  org.hibernate.Version | HHH000412: Hibernate ORM core version 6.6.42.Final
2026-03-12 11:32:43 [main] INFO  o.h.c.i.RegionFactoryInitiator | HHH000026: Second-level cache disabled
2026-03-12 11:32:44 [main] INFO  o.s.o.j.p.SpringPersistenceUnitInfo | No LoadTimeWeaver setup: ignoring JPA class transformer
2026-03-12 11:32:44 [main] INFO  com.zaxxer.hikari.HikariDataSource | HikariPool-1 - Starting...
2026-03-12 11:32:44 [main] INFO  com.zaxxer.hikari.pool.HikariPool | HikariPool-1 - Added connection com.mysql.cj.jdbc.ConnectionImpl@3c71cf3e
2026-03-12 11:32:44 [main] INFO  com.zaxxer.hikari.HikariDataSource | HikariPool-1 - Start completed.
2026-03-12 11:32:44 [main] INFO  o.hibernate.orm.connections.pooling | HHH10001005: Database info:
	Database JDBC URL [Connecting through datasource 'HikariDataSource (HikariPool-1)']
	Database driver: undefined/unknown
	Database version: 8.0.32
	Autocommit mode: undefined/unknown
	Isolation level: undefined/unknown
	Minimum pool size: undefined/unknown
	Maximum pool size: undefined/unknown
2026-03-12 11:32:45 [main] INFO  o.h.e.t.j.p.i.JtaPlatformInitiator | HHH000489: No JTA platform available (set 'hibernate.transaction.jta.platform' to enable JTA platform integration)
2026-03-12 11:32:45 [main] INFO  o.s.o.j.LocalContainerEntityManagerFactoryBean | Initialized JPA EntityManagerFactory for persistence unit 'default'
2026-03-12 11:32:46 [main] INFO  o.a.coyote.http11.Http11NioProtocol | Starting ProtocolHandler ["http-nio-8080"]
2026-03-12 11:32:46 [main] INFO  o.s.b.w.e.tomcat.TomcatWebServer | Tomcat started on port 8080 (http) with context path '/'
2026-03-12 11:32:46 [main] INFO  com.vtc.logging.LoggingApplication | Started LoggingApplication in 5.83 seconds (process running for 7.207)
2026-03-12 11:32:49 [SpringApplicationShutdownHook] INFO  o.s.b.w.e.tomcat.GracefulShutdown | Commencing graceful shutdown. Waiting for active requests to complete
2026-03-12 11:32:49 [tomcat-shutdown] INFO  o.s.b.w.e.tomcat.GracefulShutdown | Graceful shutdown complete
2026-03-12 11:32:49 [SpringApplicationShutdownHook] INFO  o.s.o.j.LocalContainerEntityManagerFactoryBean | Closing JPA EntityManagerFactory for persistence unit 'default'
2026-03-12 11:32:49 [SpringApplicationShutdownHook] INFO  com.zaxxer.hikari.HikariDataSource | HikariPool-1 - Shutdown initiated...
2026-03-12 11:32:49 [SpringApplicationShutdownHook] INFO  com.zaxxer.hikari.HikariDataSource | HikariPool-1 - Shutdown completed.
2026-03-12 11:39:12 [main] INFO  com.vtc.logging.LoggingApplication | Starting LoggingApplication using Java 17.0.12 with PID 5868 (C:\Users\Tranaf\Desktop\SAPO\omni-services\LoggingBE\target\classes started by Tranaf in C:\Users\Tranaf\Desktop\SAPO\omni-services\LoggingBE)
2026-03-12 11:39:12 [main] INFO  com.vtc.logging.LoggingApplication | No active profile set, falling back to 1 default profile: "default"
2026-03-12 11:39:13 [main] INFO  o.s.d.r.c.RepositoryConfigurationDelegate | Multiple Spring Data modules found, entering strict repository configuration mode
2026-03-12 11:39:13 [main] INFO  o.s.d.r.c.RepositoryConfigurationDelegate | Bootstrapping Spring Data JDBC repositories in DEFAULT mode.
2026-03-12 11:39:13 [main] INFO  o.s.d.r.c.RepositoryConfigurationExtensionSupport | Spring Data JDBC - Could not safely identify store assignment for repository candidate interface com.vtc.logging.repository.GameRepository; If you want this repository to be a JDBC repository, consider annotating your entities with one of these annotations: org.springframework.data.relational.core.mapping.Table.
2026-03-12 11:39:13 [main] INFO  o.s.d.r.c.RepositoryConfigurationDelegate | Finished Spring Data repository scanning in 30 ms. Found 0 JDBC repository interfaces.
2026-03-12 11:39:13 [main] INFO  o.s.d.r.c.RepositoryConfigurationDelegate | Multiple Spring Data modules found, entering strict repository configuration mode
2026-03-12 11:39:13 [main] INFO  o.s.d.r.c.RepositoryConfigurationDelegate | Bootstrapping Spring Data JPA repositories in DEFAULT mode.
2026-03-12 11:39:13 [main] INFO  o.s.d.r.c.RepositoryConfigurationDelegate | Finished Spring Data repository scanning in 23 ms. Found 1 JPA repository interface.
2026-03-12 11:39:13 [main] INFO  o.s.b.w.e.tomcat.TomcatWebServer | Tomcat initialized with port 8080 (http)
2026-03-12 11:39:13 [main] INFO  o.a.coyote.http11.Http11NioProtocol | Initializing ProtocolHandler ["http-nio-8080"]
2026-03-12 11:39:13 [main] INFO  o.a.catalina.core.StandardService | Starting service [Tomcat]
2026-03-12 11:39:13 [main] INFO  o.a.catalina.core.StandardEngine | Starting Servlet engine: [Apache Tomcat/10.1.52]
2026-03-12 11:39:13 [main] INFO  o.a.c.c.C.[Tomcat].[localhost].[/] | Initializing Spring embedded WebApplicationContext
2026-03-12 11:39:13 [main] INFO  o.s.b.w.s.c.ServletWebServerApplicationContext | Root WebApplicationContext: initialization completed in 1141 ms
2026-03-12 11:39:13 [main] INFO  o.h.jpa.internal.util.LogHelper | HHH000204: Processing PersistenceUnitInfo [name: default]
2026-03-12 11:39:14 [main] INFO  org.hibernate.Version | HHH000412: Hibernate ORM core version 6.6.42.Final
2026-03-12 11:39:14 [main] INFO  o.h.c.i.RegionFactoryInitiator | HHH000026: Second-level cache disabled
2026-03-12 11:39:14 [main] INFO  o.s.o.j.p.SpringPersistenceUnitInfo | No LoadTimeWeaver setup: ignoring JPA class transformer
2026-03-12 11:39:14 [main] INFO  com.zaxxer.hikari.HikariDataSource | HikariPool-1 - Starting...
2026-03-12 11:39:14 [main] INFO  com.zaxxer.hikari.pool.HikariPool | HikariPool-1 - Added connection com.mysql.cj.jdbc.ConnectionImpl@359865a2
2026-03-12 11:39:14 [main] INFO  com.zaxxer.hikari.HikariDataSource | HikariPool-1 - Start completed.
2026-03-12 11:39:14 [main] INFO  o.hibernate.orm.connections.pooling | HHH10001005: Database info:
	Database JDBC URL [Connecting through datasource 'HikariDataSource (HikariPool-1)']
	Database driver: undefined/unknown
	Database version: 8.0.32
	Autocommit mode: undefined/unknown
	Isolation level: undefined/unknown
	Minimum pool size: undefined/unknown
	Maximum pool size: undefined/unknown
2026-03-12 11:39:15 [main] INFO  o.h.e.t.j.p.i.JtaPlatformInitiator | HHH000489: No JTA platform available (set 'hibernate.transaction.jta.platform' to enable JTA platform integration)
2026-03-12 11:39:15 [main] INFO  o.s.o.j.LocalContainerEntityManagerFactoryBean | Initialized JPA EntityManagerFactory for persistence unit 'default'
2026-03-12 11:39:15 [main] INFO  o.a.coyote.http11.Http11NioProtocol | Starting ProtocolHandler ["http-nio-8080"]
2026-03-12 11:39:15 [main] INFO  o.s.b.w.e.tomcat.TomcatWebServer | Tomcat started on port 8080 (http) with context path '/'
2026-03-12 11:39:15 [main] INFO  com.vtc.logging.LoggingApplication | Started LoggingApplication in 4.033 seconds (process running for 4.87)
2026-03-12 11:40:43 [SpringApplicationShutdownHook] INFO  o.s.b.w.e.tomcat.GracefulShutdown | Commencing graceful shutdown. Waiting for active requests to complete
2026-03-12 11:40:43 [tomcat-shutdown] INFO  o.s.b.w.e.tomcat.GracefulShutdown | Graceful shutdown complete
2026-03-12 11:40:43 [SpringApplicationShutdownHook] INFO  o.s.o.j.LocalContainerEntityManagerFactoryBean | Closing JPA EntityManagerFactory for persistence unit 'default'
2026-03-12 11:40:43 [SpringApplicationShutdownHook] INFO  com.zaxxer.hikari.HikariDataSource | HikariPool-1 - Shutdown initiated...
2026-03-12 11:40:43 [SpringApplicationShutdownHook] INFO  com.zaxxer.hikari.HikariDataSource | HikariPool-1 - Shutdown completed.
